<?xml version="1.0" encoding="UTF-8"?>
<!-- Generated by org.testng.reporters.JUnitReportReporter -->
<testsuite hostname="RU-PC" name="com.bitstars.meta.tests.MetaParserTest" tests="6" failures="0" timestamp="31 Oct 2014 09:15:51 GMT" time="0.121" errors="0">
  <testcase name="subClassOfSimpleObjectAsJSONTest" time="0.000" classname="com.bitstars.meta.tests.MetaParserTest"/>
  <testcase name="simpleObjectAsObjectTest" time="0.000" classname="com.bitstars.meta.tests.MetaParserTest"/>
  <testcase name="subClassOfSimpleObjectAsObjectTest" time="0.000" classname="com.bitstars.meta.tests.MetaParserTest"/>
  <testcase name="complextObjectAsJSONTest" time="0.040" classname="com.bitstars.meta.tests.MetaParserTest"/>
  <testcase name="complextObjectAsObjectTest" time="0.071" classname="com.bitstars.meta.tests.MetaParserTest"/>
  <testcase name="simpleObjectAsJSONTest" time="0.010" classname="com.bitstars.meta.tests.MetaParserTest"/>
</testsuite> <!-- com.bitstars.meta.tests.MetaParserTest -->
