<?xml version="1.0" encoding="UTF-8"?>
<!-- Generated by org.testng.reporters.JUnitReportReporter -->
<testsuite hostname="RU-PC" name="de.russcity.meta.MetaParserTest" tests="2" failures="0" timestamp="30 Oct 2014 09:15:48 GMT" time="0.074" errors="0">
  <testcase name="complextObjectTest" time="0.063" classname="de.russcity.meta.MetaParserTest"/>
  <testcase name="simpleObjectTest" time="0.011" classname="de.russcity.meta.MetaParserTest"/>
</testsuite> <!-- de.russcity.meta.MetaParserTest -->
