<?xml version="1.0" encoding="UTF-8"?>
<!-- Generated by org.testng.reporters.JUnitReportReporter -->
<testsuite hostname="RU-PC" name="de.russcity.meta.MetaParserTest" tests="2" failures="0" timestamp="29 Oct 2014 15:39:58 GMT" time="0.020" errors="0">
  <testcase name="simpleObjectTest" time="0.000" classname="de.russcity.meta.MetaParserTest"/>
  <testcase name="complextObjectTest" time="0.020" classname="de.russcity.meta.MetaParserTest"/>
</testsuite> <!-- de.russcity.meta.MetaParserTest -->
